<?xml version="1.0" encoding="UTF-8"?>
<!-- Generated by org.testng.reporters.JUnitReportReporter -->
<testsuite hostname="DESKTOP-3MH14JB" failures="0" tests="1" name="testCases.ItemAdd" time="7.170" errors="0" timestamp="2023-01-19T14:37:58 IST" skipped="0">
  <testcase classname="testCases.ItemAdd" name="selectspecification" time="7.170"/>
  <system-out/>
</testsuite> <!-- testCases.ItemAdd -->
