<?xml version="1.0" encoding="UTF-8"?>
<!-- Generated by org.testng.reporters.JUnitReportReporter -->
<testsuite hostname="DESKTOP-3MH14JB" failures="0" tests="1" name="testCases.DevicesAvaibilityChek" time="11.874" errors="0" timestamp="2023-01-19T14:37:58 IST" skipped="0">
  <testcase classname="testCases.DevicesAvaibilityChek" name="devicechek" time="11.874"/>
  <system-out/>
</testsuite> <!-- testCases.DevicesAvaibilityChek -->
