<?xml version="1.0" encoding="UTF-8"?>
<!-- Generated by org.testng.reporters.JUnitReportReporter -->
<testsuite hostname="DESKTOP-3MH14JB" failures="0" tests="3" name="testCases.LoginTestCase" time="19.132" errors="0" timestamp="2023-01-19T14:37:58 IST" skipped="0">
  <testcase classname="testCases.LoginTestCase" name="EnterValues" time="6.414"/>
  <system-out/>
  <testcase classname="testCases.LoginTestCase" name="EnterValues" time="6.372"/>
  <system-out/>
  <testcase classname="testCases.LoginTestCase" name="EnterValues" time="6.346"/>
  <system-out/>
</testsuite> <!-- testCases.LoginTestCase -->
